0 info it worked if it ends with ok
1 verbose cli [ 'C:\\Program Files\\nodejs\\node.exe',
1 verbose cli   'C:\\Users\\COMPAQ\\AppData\\Roaming\\npm\\node_modules\\npm\\bin\\npm-cli.js',
1 verbose cli   'start' ]
2 info using npm@4.1.1
3 info using node@v8.4.0
4 verbose run-script [ 'prestart', 'start', 'poststart' ]
5 info lifecycle chatapp@1.0.0~prestart: chatapp@1.0.0
6 silly lifecycle chatapp@1.0.0~prestart: no script for prestart, continuing
7 info lifecycle chatapp@1.0.0~start: chatapp@1.0.0
8 verbose lifecycle chatapp@1.0.0~start: unsafe-perm in lifecycle true
9 verbose lifecycle chatapp@1.0.0~start: PATH: C:\Users\COMPAQ\AppData\Roaming\npm\node_modules\npm\bin\node-gyp-bin;C:\Users\COMPAQ\Documents\chatAPP\node_modules\.bin;C:\ProgramData\Oracle\Java\javapath;C:\Program Files\Common Files\Microsoft Shared\Windows Live;C:\Program Files\Java\jdk1.7.0_45\bin;C:\Program Files\QuickTime\QTSystem\;C:\Program Files\Windows Live\Shared;C:\Program Files\Skype\Phone\;C:\Program Files\Microsoft\Web Platform Installer\;C:\Program Files\Microsoft ASP.NET\ASP.NET Web Pages\v1.0\;C:\Program Files\Microsoft SQL Server\110\Tools\Binn\;C:\Program Files\MongoDB\Server\3.0\bin;C:\Program Files\nodejs\;C:\Program Files\Git\cmd;C:\Users\COMPAQ\AppData\Roaming\npm;C:\Windows\System32;C:\BC5\BIN;C:\Users\COMPAQ\AppData\Roaming\npm
10 verbose lifecycle chatapp@1.0.0~start: CWD: C:\Users\COMPAQ\Documents\chatAPP
11 silly lifecycle chatapp@1.0.0~start: Args: [ '/d /s /c', 'nodemon server.js' ]
12 verbose stack Error: kill ENOSYS
12 verbose stack     at Object._errnoException (util.js:1041:11)
12 verbose stack     at process.kill (internal/process.js:184:18)
12 verbose stack     at process.listener (C:\Users\COMPAQ\AppData\Roaming\npm\node_modules\npm\node_modules\npmlog\node_modules\gauge\node_modules\signal-exit\index.js:95:15)
12 verbose stack     at emitNone (events.js:105:13)
12 verbose stack     at process.emit (events.js:207:7)
12 verbose stack     at processEmit (C:\Users\COMPAQ\AppData\Roaming\npm\node_modules\npm\node_modules\npmlog\node_modules\gauge\node_modules\signal-exit\index.js:155:32)
12 verbose stack     at Signal.wrap.onsignal (internal/process.js:209:44)
13 verbose cwd C:\Users\COMPAQ\Documents\chatAPP
14 error Windows_NT 6.1.7600
15 error argv "C:\\Program Files\\nodejs\\node.exe" "C:\\Users\\COMPAQ\\AppData\\Roaming\\npm\\node_modules\\npm\\bin\\npm-cli.js" "start"
16 error node v8.4.0
17 error npm  v4.1.1
18 error code ENOSYS
19 error errno ENOSYS
20 error syscall kill
21 error kill ENOSYS
22 error If you need help, you may report this error at:
22 error     <https://github.com/npm/npm/issues>
23 verbose exit [ 1, true ]
